0 info it worked if it ends with ok
1 verbose cli [ '/usr/local/bin/node', '/usr/local/bin/npm', 'install' ]
2 info using npm@3.10.10
3 info using node@v6.10.3
4 silly loadCurrentTree Starting
5 silly install loadCurrentTree
6 silly install readLocalPackageData
7 silly install normalizeTree
8 silly loadCurrentTree Finishing
9 silly loadIdealTree Starting
10 silly install loadIdealTree
11 silly cloneCurrentTree Starting
12 silly install cloneCurrentTreeToIdealTree
13 silly cloneCurrentTree Finishing
14 silly loadShrinkwrap Starting
15 silly install loadShrinkwrap
16 silly loadShrinkwrap Finishing
17 silly loadAllDepsIntoIdealTree Starting
18 silly install loadAllDepsIntoIdealTree
19 silly loadAllDepsIntoIdealTree Finishing
20 silly loadIdealTree Finishing
21 silly currentTree Tokn@4.0.0-beta.2
21 silly currentTree ├── abbrev@1.1.1
21 silly currentTree ├── accepts@1.3.5
21 silly currentTree ├── after@0.8.1
21 silly currentTree ├── ajv@5.5.2
21 silly currentTree ├── amdefine@1.0.1
21 silly currentTree ├── ansi-gray@0.1.1
21 silly currentTree ├── ansi-regex@2.1.1
21 silly currentTree ├── ansi-styles@2.2.1
21 silly currentTree ├── ansi-wrap@0.1.0
21 silly currentTree ├─┬ anymatch@1.3.2
21 silly currentTree │ ├── arr-diff@2.0.0
21 silly currentTree │ ├── array-unique@0.2.1
21 silly currentTree │ ├── braces@1.8.5
21 silly currentTree │ ├── expand-brackets@0.1.5
21 silly currentTree │ ├── extglob@0.3.2
21 silly currentTree │ ├── is-extglob@1.0.0
21 silly currentTree │ ├── is-glob@2.0.1
21 silly currentTree │ ├── kind-of@3.2.2
21 silly currentTree │ └── micromatch@2.3.11
21 silly currentTree ├── aproba@1.2.0
21 silly currentTree ├── archy@1.0.0
21 silly currentTree ├─┬ are-we-there-yet@1.1.5
21 silly currentTree │ ├── isarray@1.0.0
21 silly currentTree │ ├── readable-stream@2.3.6
21 silly currentTree │ └── string_decoder@1.1.1
21 silly currentTree ├── arr-diff@4.0.0
21 silly currentTree ├── arr-flatten@1.1.0
21 silly currentTree ├── arr-union@3.1.0
21 silly currentTree ├── array-differ@1.0.0
21 silly currentTree ├── array-each@1.0.1
21 silly currentTree ├── array-find-index@1.0.2
21 silly currentTree ├── array-slice@1.1.0
21 silly currentTree ├── array-uniq@1.0.3
21 silly currentTree ├── array-unique@0.3.2
21 silly currentTree ├── arraybuffer.slice@0.0.6
21 silly currentTree ├── asn1@0.2.4
21 silly currentTree ├── assert-plus@1.0.0
21 silly currentTree ├── assign-symbols@1.0.0
21 silly currentTree ├── async-each-series@0.1.1
21 silly currentTree ├── async-each@1.0.1
21 silly currentTree ├── async-foreach@0.1.3
21 silly currentTree ├── async@0.2.10
21 silly currentTree ├── asynckit@0.4.0
21 silly currentTree ├── atob@2.1.2
21 silly currentTree ├── aws-sign2@0.7.0
21 silly currentTree ├── aws4@1.8.0
21 silly currentTree ├── backo2@1.0.2
21 silly currentTree ├── balanced-match@1.0.0
21 silly currentTree ├─┬ base@0.11.2
21 silly currentTree │ ├── define-property@1.0.0
21 silly currentTree │ ├── is-accessor-descriptor@1.0.0
21 silly currentTree │ ├── is-data-descriptor@1.0.0
21 silly currentTree │ └── is-descriptor@1.0.2
21 silly currentTree ├── base64-arraybuffer@0.1.5
21 silly currentTree ├── base64id@0.1.0
21 silly currentTree ├── batch@0.5.3
21 silly currentTree ├── bcrypt-pbkdf@1.0.2
21 silly currentTree ├── beeper@1.1.1
21 silly currentTree ├── better-assert@1.0.2
21 silly currentTree ├── binary-extensions@1.12.0
21 silly currentTree ├── blob@0.0.4
21 silly currentTree ├── block-stream@0.0.9
21 silly currentTree ├── boom@2.10.1
21 silly currentTree ├── bootstrap@4.2.1
21 silly currentTree ├── brace-expansion@1.1.11
21 silly currentTree ├─┬ braces@2.3.2
21 silly currentTree │ └── extend-shallow@2.0.1
21 silly currentTree ├── browser-sync-client@2.5.1
21 silly currentTree ├── browser-sync-ui@0.6.3
21 silly currentTree ├─┬ browser-sync@2.18.13
21 silly currentTree │ ├── arr-diff@2.0.0
21 silly currentTree │ ├── array-unique@0.2.1
21 silly currentTree │ ├── braces@1.8.5
21 silly currentTree │ ├── camelcase@3.0.0
21 silly currentTree │ ├── expand-brackets@0.1.5
21 silly currentTree │ ├── extglob@0.3.2
21 silly currentTree │ ├── is-extglob@1.0.0
21 silly currentTree │ ├── is-glob@2.0.1
21 silly currentTree │ ├── kind-of@3.2.2
21 silly currentTree │ ├── micromatch@2.3.11
21 silly currentTree │ ├── qs@6.2.1
21 silly currentTree │ ├── window-size@0.2.0
21 silly currentTree │ ├── yargs-parser@4.2.1
21 silly currentTree │ └── yargs@6.4.0
21 silly currentTree ├── bs-recipes@1.3.4
21 silly currentTree ├── builtin-modules@1.1.1
21 silly currentTree ├── cache-base@1.0.1
21 silly currentTree ├── callsite@1.0.0
21 silly currentTree ├── camelcase-keys@2.1.0
21 silly currentTree ├── camelcase@2.1.1
21 silly currentTree ├── caseless@0.12.0
21 silly currentTree ├── chalk@1.1.3
21 silly currentTree ├─┬ chokidar@1.7.0
21 silly currentTree │ ├── is-extglob@1.0.0
21 silly currentTree │ └── is-glob@2.0.1
21 silly currentTree ├─┬ class-utils@0.3.6
21 silly currentTree │ └── define-property@0.2.5
21 silly currentTree ├── clean-css@4.1.9
21 silly currentTree ├── cliui@3.2.0
21 silly currentTree ├── clone-stats@0.0.1
21 silly currentTree ├── clone@1.0.4
21 silly currentTree ├── co@4.6.0
21 silly currentTree ├── code-point-at@1.1.0
21 silly currentTree ├── collection-visit@1.0.0
21 silly currentTree ├── color-support@1.1.3
21 silly currentTree ├── combined-stream@1.0.6
21 silly currentTree ├── commander@2.19.0
21 silly currentTree ├── component-bind@1.0.0
21 silly currentTree ├── component-emitter@1.2.1
21 silly currentTree ├── component-inherit@0.0.3
21 silly currentTree ├── concat-map@0.0.1
21 silly currentTree ├─┬ concat-with-sourcemaps@1.1.0
21 silly currentTree │ └── source-map@0.6.1
21 silly currentTree ├── connect-history-api-fallback@1.5.0
21 silly currentTree ├─┬ connect@3.5.0
21 silly currentTree │ ├── debug@2.2.0
21 silly currentTree │ └── ms@0.7.1
21 silly currentTree ├── console-control-strings@1.1.0
21 silly currentTree ├── cookie@0.3.1
21 silly currentTree ├── copy-descriptor@0.1.1
21 silly currentTree ├── core-util-is@1.0.2
21 silly currentTree ├─┬ cross-spawn@3.0.1
21 silly currentTree │ └── lru-cache@4.1.3
21 silly currentTree ├── cryptiles@2.0.5
21 silly currentTree ├── currently-unhandled@0.4.1
21 silly currentTree ├── dashdash@1.14.1
21 silly currentTree ├── dateformat@2.2.0
21 silly currentTree ├── debug@2.6.9
21 silly currentTree ├── decamelize@1.2.0
21 silly currentTree ├── decode-uri-component@0.2.0
21 silly currentTree ├── defaults@1.0.3
21 silly currentTree ├─┬ define-property@2.0.2
21 silly currentTree │ ├── is-accessor-descriptor@1.0.0
21 silly currentTree │ ├── is-data-descriptor@1.0.0
21 silly currentTree │ └── is-descriptor@1.0.2
21 silly currentTree ├── delayed-stream@1.0.0
21 silly currentTree ├── delegates@1.0.0
21 silly currentTree ├── depd@1.1.2
21 silly currentTree ├── deprecated@0.0.1
21 silly currentTree ├── destroy@1.0.4
21 silly currentTree ├── detect-file@1.0.0
21 silly currentTree ├── dev-ip@1.0.1
21 silly currentTree ├── duplexer2@0.0.2
21 silly currentTree ├─┬ easy-extender@2.3.2
21 silly currentTree │ └── lodash@3.10.1
21 silly currentTree ├── eazy-logger@3.0.2
21 silly currentTree ├── ecc-jsbn@0.1.2
21 silly currentTree ├── ee-first@1.1.1
21 silly currentTree ├── emitter-steward@1.0.0
21 silly currentTree ├── encodeurl@1.0.2
21 silly currentTree ├── end-of-stream@0.1.5
21 silly currentTree ├─┬ engine.io-client@1.8.0
21 silly currentTree │ ├── debug@2.3.3
21 silly currentTree │ └── ms@0.7.2
21 silly currentTree ├─┬ engine.io-parser@1.3.1
21 silly currentTree │ └── has-binary@0.1.6
21 silly currentTree ├─┬ engine.io@1.8.0
21 silly currentTree │ ├── accepts@1.3.3
21 silly currentTree │ ├── debug@2.3.3
21 silly currentTree │ └── ms@0.7.2
21 silly currentTree ├── error-ex@1.3.2
21 silly currentTree ├── escape-html@1.0.3
21 silly currentTree ├── escape-string-regexp@1.0.5
21 silly currentTree ├── etag@1.8.1
21 silly currentTree ├── eventemitter3@1.2.0
21 silly currentTree ├─┬ expand-brackets@2.1.4
21 silly currentTree │ ├── define-property@0.2.5
21 silly currentTree │ └── extend-shallow@2.0.1
21 silly currentTree ├─┬ expand-range@1.8.2
21 silly currentTree │ ├── fill-range@2.2.4
21 silly currentTree │ ├── is-number@2.1.0
21 silly currentTree │ ├── isarray@1.0.0
21 silly currentTree │ ├── isobject@2.1.0
21 silly currentTree │ └── kind-of@3.2.2
21 silly currentTree ├── expand-tilde@2.0.2
21 silly currentTree ├─┬ express@2.5.11
21 silly currentTree │ ├── connect@1.9.2
21 silly currentTree │ ├── mkdirp@0.3.0
21 silly currentTree │ └── qs@0.4.2
21 silly currentTree ├─┬ extend-shallow@3.0.2
21 silly currentTree │ └── is-extendable@1.0.1
21 silly currentTree ├── extend@3.0.2
21 silly currentTree ├─┬ extglob@2.0.4
21 silly currentTree │ ├── define-property@1.0.0
21 silly currentTree │ ├── extend-shallow@2.0.1
21 silly currentTree │ ├── is-accessor-descriptor@1.0.0
21 silly currentTree │ ├── is-data-descriptor@1.0.0
21 silly currentTree │ └── is-descriptor@1.0.2
21 silly currentTree ├── extsprintf@1.3.0
21 silly currentTree ├── fancy-log@1.3.2
21 silly currentTree ├── fast-deep-equal@1.1.0
21 silly currentTree ├── fast-json-stable-stringify@2.0.0
21 silly currentTree ├── filename-regex@2.0.1
21 silly currentTree ├─┬ fill-range@4.0.0
21 silly currentTree │ └── extend-shallow@2.0.1
21 silly currentTree ├─┬ finalhandler@0.5.0
21 silly currentTree │ ├── debug@2.2.0
21 silly currentTree │ └── ms@0.7.1
21 silly currentTree ├── find-index@0.1.1
21 silly currentTree ├── find-up@1.1.2
21 silly currentTree ├── findup-sync@2.0.0
21 silly currentTree ├── fined@1.1.1
21 silly currentTree ├── first-chunk-stream@1.0.0
21 silly currentTree ├── flagged-respawn@1.0.1
21 silly currentTree ├── font-awesome@4.7.0
21 silly currentTree ├── for-in@1.0.2
21 silly currentTree ├── for-own@1.0.0
21 silly currentTree ├── forever-agent@0.6.1
21 silly currentTree ├── form-data@2.3.2
21 silly currentTree ├── formidable@1.0.17
21 silly currentTree ├── fragment-cache@0.2.1
21 silly currentTree ├── fresh@0.3.0
21 silly currentTree ├─┬ fs-extra@3.0.1
21 silly currentTree │ └── graceful-fs@4.1.15
21 silly currentTree ├── fs.realpath@1.0.0
21 silly currentTree ├─┬ fsevents@1.2.4
21 silly currentTree │ ├── abbrev@1.1.1
21 silly currentTree │ ├── ansi-regex@2.1.1
21 silly currentTree │ ├── aproba@1.2.0
21 silly currentTree │ ├── are-we-there-yet@1.1.4
21 silly currentTree │ ├── balanced-match@1.0.0
21 silly currentTree │ ├── brace-expansion@1.1.11
21 silly currentTree │ ├── chownr@1.0.1
21 silly currentTree │ ├── code-point-at@1.1.0
21 silly currentTree │ ├── concat-map@0.0.1
21 silly currentTree │ ├── console-control-strings@1.1.0
21 silly currentTree │ ├── core-util-is@1.0.2
21 silly currentTree │ ├── debug@2.6.9
21 silly currentTree │ ├── deep-extend@0.5.1
21 silly currentTree │ ├── delegates@1.0.0
21 silly currentTree │ ├── detect-libc@1.0.3
21 silly currentTree │ ├── fs-minipass@1.2.5
21 silly currentTree │ ├── fs.realpath@1.0.0
21 silly currentTree │ ├── gauge@2.7.4
21 silly currentTree │ ├── glob@7.1.2
21 silly currentTree │ ├── has-unicode@2.0.1
21 silly currentTree │ ├── iconv-lite@0.4.21
21 silly currentTree │ ├── ignore-walk@3.0.1
21 silly currentTree │ ├── inflight@1.0.6
21 silly currentTree │ ├── inherits@2.0.3
21 silly currentTree │ ├── ini@1.3.5
21 silly currentTree │ ├── is-fullwidth-code-point@1.0.0
21 silly currentTree │ ├── isarray@1.0.0
21 silly currentTree │ ├── minimatch@3.0.4
21 silly currentTree │ ├── minimist@0.0.8
21 silly currentTree │ ├── minipass@2.2.4
21 silly currentTree │ ├── minizlib@1.1.0
21 silly currentTree │ ├── mkdirp@0.5.1
21 silly currentTree │ ├── ms@2.0.0
21 silly currentTree │ ├── needle@2.2.0
21 silly currentTree │ ├── node-pre-gyp@0.10.0
21 silly currentTree │ ├── nopt@4.0.1
21 silly currentTree │ ├── npm-bundled@1.0.3
21 silly currentTree │ ├── npm-packlist@1.1.10
21 silly currentTree │ ├── npmlog@4.1.2
21 silly currentTree │ ├── number-is-nan@1.0.1
21 silly currentTree │ ├── object-assign@4.1.1
21 silly currentTree │ ├── once@1.4.0
21 silly currentTree │ ├── os-homedir@1.0.2
21 silly currentTree │ ├── os-tmpdir@1.0.2
21 silly currentTree │ ├── osenv@0.1.5
21 silly currentTree │ ├── path-is-absolute@1.0.1
21 silly currentTree │ ├── process-nextick-args@2.0.0
21 silly currentTree │ ├─┬ rc@1.2.7
21 silly currentTree │ │ └── minimist@1.2.0
21 silly currentTree │ ├── readable-stream@2.3.6
21 silly currentTree │ ├── rimraf@2.6.2
21 silly currentTree │ ├── safe-buffer@5.1.1
21 silly currentTree │ ├── safer-buffer@2.1.2
21 silly currentTree │ ├── sax@1.2.4
21 silly currentTree │ ├── semver@5.5.0
21 silly currentTree │ ├── set-blocking@2.0.0
21 silly currentTree │ ├── signal-exit@3.0.2
21 silly currentTree │ ├── string_decoder@1.1.1
21 silly currentTree │ ├── string-width@1.0.2
21 silly currentTree │ ├── strip-ansi@3.0.1
21 silly currentTree │ ├── strip-json-comments@2.0.1
21 silly currentTree │ ├── tar@4.4.1
21 silly currentTree │ ├── util-deprecate@1.0.2
21 silly currentTree │ ├── wide-align@1.1.2
21 silly currentTree │ ├── wrappy@1.0.2
21 silly currentTree │ └── yallist@3.0.2
21 silly currentTree ├─┬ fstream@1.0.11
21 silly currentTree │ └── graceful-fs@4.1.11
21 silly currentTree ├─┬ gauge@2.7.4
21 silly currentTree │ └── object-assign@4.1.1
21 silly currentTree ├── gaze@0.5.2
21 silly currentTree ├── get-caller-file@1.0.3
21 silly currentTree ├── get-stdin@4.0.1
21 silly currentTree ├── get-value@2.0.6
21 silly currentTree ├── getpass@0.1.7
21 silly currentTree ├─┬ glob-base@0.3.0
21 silly currentTree │ ├── is-extglob@1.0.0
21 silly currentTree │ └── is-glob@2.0.1
21 silly currentTree ├─┬ glob-parent@2.0.0
21 silly currentTree │ ├── is-extglob@1.0.0
21 silly currentTree │ └── is-glob@2.0.1
21 silly currentTree ├─┬ glob-stream@3.1.18
21 silly currentTree │ ├── readable-stream@1.0.34
21 silly currentTree │ └── through2@0.6.5
21 silly currentTree ├── glob-watcher@0.0.6
21 silly currentTree ├── glob@4.5.3
21 silly currentTree ├── glob2base@0.0.12
21 silly currentTree ├── global-modules@1.0.0
21 silly currentTree ├── global-prefix@1.0.2
21 silly currentTree ├─┬ globule@0.1.0
21 silly currentTree │ ├── glob@3.1.21
21 silly currentTree │ ├── graceful-fs@1.2.3
21 silly currentTree │ ├── inherits@1.0.2
21 silly currentTree │ └── minimatch@0.2.14
21 silly currentTree ├── glogg@1.0.1
21 silly currentTree ├── graceful-fs@3.0.11
21 silly currentTree ├─┬ gulp-build@0.5.3
21 silly currentTree │ ├── readable-stream@1.0.34
21 silly currentTree │ ├── through2@0.4.2
21 silly currentTree │ └── xtend@2.1.2
21 silly currentTree ├── gulp-clean-css@3.9.0
21 silly currentTree ├── gulp-header@1.8.9
21 silly currentTree ├── gulp-rename@1.4.0
21 silly currentTree ├── gulp-sass@3.2.1
21 silly currentTree ├─┬ gulp-uglify@3.0.0
21 silly currentTree │ ├── commander@2.17.1
21 silly currentTree │ ├── lodash@4.17.11
21 silly currentTree │ ├── source-map@0.6.1
21 silly currentTree │ └── uglify-js@3.4.9
21 silly currentTree ├── gulp-util@3.0.8
21 silly currentTree ├── gulp@3.9.1
21 silly currentTree ├── gulplog@1.0.0
21 silly currentTree ├── handlebars@2.0.0-alpha.2
21 silly currentTree ├── har-schema@2.0.0
21 silly currentTree ├── har-validator@5.0.3
21 silly currentTree ├── has-ansi@2.0.0
21 silly currentTree ├── has-binary@0.1.7
21 silly currentTree ├── has-cors@1.1.0
21 silly currentTree ├── has-gulplog@0.1.0
21 silly currentTree ├── has-unicode@2.0.1
21 silly currentTree ├── has-value@1.0.0
21 silly currentTree ├─┬ has-values@1.0.0
21 silly currentTree │ └── kind-of@4.0.0
21 silly currentTree ├── hawk@3.1.3
21 silly currentTree ├── hoek@2.16.3
21 silly currentTree ├── homedir-polyfill@1.0.1
21 silly currentTree ├── hosted-git-info@2.7.1
21 silly currentTree ├── http-errors@1.5.1
21 silly currentTree ├── http-proxy@1.15.2
21 silly currentTree ├── http-signature@1.2.0
21 silly currentTree ├── immutable@3.8.1
21 silly currentTree ├── in-publish@2.0.0
21 silly currentTree ├── indent-string@2.1.0
21 silly currentTree ├── indexof@0.0.1
21 silly currentTree ├── inflight@1.0.6
21 silly currentTree ├── inherits@2.0.3
21 silly currentTree ├── ini@1.3.5
21 silly currentTree ├── interpret@1.2.0
21 silly currentTree ├── invert-kv@1.0.0
21 silly currentTree ├── is-absolute@1.0.0
21 silly currentTree ├─┬ is-accessor-descriptor@0.1.6
21 silly currentTree │ └── kind-of@3.2.2
21 silly currentTree ├── is-arrayish@0.2.1
21 silly currentTree ├── is-binary-path@1.0.1
21 silly currentTree ├── is-buffer@1.1.6
21 silly currentTree ├── is-builtin-module@1.0.0
21 silly currentTree ├─┬ is-data-descriptor@0.1.4
21 silly currentTree │ └── kind-of@3.2.2
21 silly currentTree ├─┬ is-descriptor@0.1.6
21 silly currentTree │ └── kind-of@5.1.0
21 silly currentTree ├── is-dotfile@1.0.3
21 silly currentTree ├── is-equal-shallow@0.1.3
21 silly currentTree ├── is-extendable@0.1.1
21 silly currentTree ├── is-extglob@2.1.1
21 silly currentTree ├── is-finite@1.0.2
21 silly currentTree ├── is-fullwidth-code-point@1.0.0
21 silly currentTree ├── is-glob@3.1.0
21 silly currentTree ├── is-number-like@1.0.8
21 silly currentTree ├─┬ is-number@3.0.0
21 silly currentTree │ └── kind-of@3.2.2
21 silly currentTree ├── is-plain-object@2.0.4
21 silly currentTree ├── is-posix-bracket@0.1.1
21 silly currentTree ├── is-primitive@2.0.0
21 silly currentTree ├── is-relative@1.0.0
21 silly currentTree ├── is-typedarray@1.0.0
21 silly currentTree ├── is-unc-path@1.0.0
21 silly currentTree ├── is-utf8@0.2.1
21 silly currentTree ├── is-windows@1.0.2
21 silly currentTree ├── isarray@0.0.1
21 silly currentTree ├── isexe@2.0.0
21 silly currentTree ├── isobject@3.0.1
21 silly currentTree ├── isstream@0.1.2
21 silly currentTree ├── jquery.easing@1.4.1
21 silly currentTree ├── jquery@3.3.1
21 silly currentTree ├── js-base64@2.4.8
21 silly currentTree ├── jsbn@0.1.1
21 silly currentTree ├── json-schema-traverse@0.3.1
21 silly currentTree ├── json-schema@0.2.3
21 silly currentTree ├── json-stable-stringify@1.0.1
21 silly currentTree ├── json-stringify-safe@5.0.1
21 silly currentTree ├── json3@3.3.2
21 silly currentTree ├─┬ jsonfile@3.0.1
21 silly currentTree │ └── graceful-fs@4.1.15
21 silly currentTree ├── jsonify@0.0.0
21 silly currentTree ├── jsprim@1.4.1
21 silly currentTree ├── kind-of@6.0.2
21 silly currentTree ├── lcid@1.0.0
21 silly currentTree ├── liftoff@2.5.0
21 silly currentTree ├── limiter@1.1.3
21 silly currentTree ├─┬ load-json-file@1.1.0
21 silly currentTree │ ├── graceful-fs@4.1.11
21 silly currentTree │ └── strip-bom@2.0.0
21 silly currentTree ├─┬ localtunnel@1.8.3
21 silly currentTree │ ├── ajv@4.11.8
21 silly currentTree │ ├── assert-plus@0.2.0
21 silly currentTree │ ├── aws-sign2@0.6.0
21 silly currentTree │ ├── camelcase@1.2.1
21 silly currentTree │ ├── debug@2.6.8
21 silly currentTree │ ├── form-data@2.1.4
21 silly currentTree │ ├── har-schema@1.0.5
21 silly currentTree │ ├── har-validator@4.2.1
21 silly currentTree │ ├── http-signature@1.1.1
21 silly currentTree │ ├── performance-now@0.2.0
21 silly currentTree │ ├── qs@6.4.0
21 silly currentTree │ ├── request@2.81.0
21 silly currentTree │ └── yargs@3.29.0
21 silly currentTree ├── lodash._basecopy@3.0.1
21 silly currentTree ├── lodash._basetostring@3.0.1
21 silly currentTree ├── lodash._basevalues@3.0.0
21 silly currentTree ├── lodash._getnative@3.9.1
21 silly currentTree ├── lodash._isiterateecall@3.0.9
21 silly currentTree ├── lodash._reescape@3.0.0
21 silly currentTree ├── lodash._reevaluate@3.0.0
21 silly currentTree ├── lodash._reinterpolate@3.0.0
21 silly currentTree ├── lodash._root@3.0.1
21 silly currentTree ├── lodash.assign@4.2.0
21 silly currentTree ├── lodash.clonedeep@4.5.0
21 silly currentTree ├── lodash.escape@3.2.0
21 silly currentTree ├── lodash.isarguments@3.1.0
21 silly currentTree ├── lodash.isarray@3.0.4
21 silly currentTree ├── lodash.isfinite@3.3.2
21 silly currentTree ├── lodash.keys@3.1.2
21 silly currentTree ├── lodash.mergewith@4.6.1
21 silly currentTree ├── lodash.restparam@3.6.1
21 silly currentTree ├── lodash.template@3.6.2
21 silly currentTree ├── lodash.templatesettings@3.1.1
21 silly currentTree ├── lodash@1.0.2
21 silly currentTree ├── loud-rejection@1.6.0
21 silly currentTree ├── lru-cache@2.7.3
21 silly currentTree ├── magnific-popup@1.1.0
21 silly currentTree ├── make-error-cause@1.2.2
21 silly currentTree ├── make-error@1.3.5
21 silly currentTree ├── make-iterator@1.0.1
21 silly currentTree ├── map-cache@0.2.2
21 silly currentTree ├── map-obj@1.0.1
21 silly currentTree ├── map-visit@1.0.0
21 silly currentTree ├── math-random@1.0.1
21 silly currentTree ├─┬ meow@3.7.0
21 silly currentTree │ └── object-assign@4.1.1
21 silly currentTree ├── micromatch@3.1.10
21 silly currentTree ├── mime-db@1.35.0
21 silly currentTree ├── mime-types@2.1.19
21 silly currentTree ├── mime@1.2.4
21 silly currentTree ├── minimatch@2.0.10
21 silly currentTree ├── minimist@1.2.0
21 silly currentTree ├─┬ mixin-deep@1.3.1
21 silly currentTree │ └── is-extendable@1.0.1
21 silly currentTree ├─┬ mkdirp@0.5.1
21 silly currentTree │ └── minimist@0.0.8
21 silly currentTree ├── ms@2.0.0
21 silly currentTree ├── multipipe@0.1.2
21 silly currentTree ├── nan@2.10.0
21 silly currentTree ├── nanomatch@1.2.13
21 silly currentTree ├── natives@1.1.6
21 silly currentTree ├── negotiator@0.6.1
21 silly currentTree ├─┬ node-gyp@3.8.0
21 silly currentTree │ ├── glob@7.1.2
21 silly currentTree │ ├── graceful-fs@4.1.11
21 silly currentTree │ ├── minimatch@3.0.4
21 silly currentTree │ └── semver@5.3.0
21 silly currentTree ├─┬ node-sass@4.9.3
21 silly currentTree │ ├── gaze@1.1.3
21 silly currentTree │ ├── glob@7.1.2
21 silly currentTree │ ├── globule@1.2.1
21 silly currentTree │ ├── lodash@4.17.10
21 silly currentTree │ └── minimatch@3.0.4
21 silly currentTree ├── nopt@3.0.6
21 silly currentTree ├── normalize-package-data@2.4.0
21 silly currentTree ├── normalize-path@2.1.1
21 silly currentTree ├── npmlog@4.1.2
21 silly currentTree ├── number-is-nan@1.0.1
21 silly currentTree ├── oauth-sign@0.8.2
21 silly currentTree ├── object-assign@3.0.0
21 silly currentTree ├── object-component@0.0.3
21 silly currentTree ├─┬ object-copy@0.1.0
21 silly currentTree │ ├── define-property@0.2.5
21 silly currentTree │ └── kind-of@3.2.2
21 silly currentTree ├── object-keys@0.4.0
21 silly currentTree ├── object-path@0.9.2
21 silly currentTree ├── object-visit@1.0.1
21 silly currentTree ├── object.defaults@1.1.0
21 silly currentTree ├── object.map@1.0.1
21 silly currentTree ├─┬ object.omit@2.0.1
21 silly currentTree │ └── for-own@0.1.5
21 silly currentTree ├── object.pick@1.3.0
21 silly currentTree ├── on-finished@2.3.0
21 silly currentTree ├── once@1.3.3
21 silly currentTree ├── openurl@1.1.1
21 silly currentTree ├─┬ opn@4.0.2
21 silly currentTree │ └── object-assign@4.1.1
21 silly currentTree ├── optimist@0.3.7
21 silly currentTree ├── options@0.0.6
21 silly currentTree ├── orchestrator@0.3.8
21 silly currentTree ├── ordered-read-streams@0.1.0
21 silly currentTree ├── os-homedir@1.0.2
21 silly currentTree ├── os-locale@1.4.0
21 silly currentTree ├── os-tmpdir@1.0.2
21 silly currentTree ├── osenv@0.1.5
21 silly currentTree ├── parse-filepath@1.0.2
21 silly currentTree ├─┬ parse-glob@3.0.4
21 silly currentTree │ ├── is-extglob@1.0.0
21 silly currentTree │ └── is-glob@2.0.1
21 silly currentTree ├── parse-json@2.2.0
21 silly currentTree ├── parse-passwd@1.0.0
21 silly currentTree ├── parsejson@0.0.3
21 silly currentTree ├── parseqs@0.0.5
21 silly currentTree ├── parseuri@0.0.5
21 silly currentTree ├── parseurl@1.3.2
21 silly currentTree ├── pascalcase@0.1.1
21 silly currentTree ├── path-exists@2.1.0
21 silly currentTree ├── path-is-absolute@1.0.1
21 silly currentTree ├── path-parse@1.0.6
21 silly currentTree ├── path-root-regex@0.1.2
21 silly currentTree ├── path-root@0.1.1
21 silly currentTree ├─┬ path-type@1.1.0
21 silly currentTree │ └── graceful-fs@4.1.11
21 silly currentTree ├── performance-now@2.1.0
21 silly currentTree ├── pify@2.3.0
21 silly currentTree ├── pinkie-promise@2.0.1
21 silly currentTree ├── pinkie@2.0.4
21 silly currentTree ├─┬ portscanner@2.1.1
21 silly currentTree │ └── async@1.5.2
21 silly currentTree ├── posix-character-classes@0.1.1
21 silly currentTree ├── preserve@0.2.0
21 silly currentTree ├── pretty-hrtime@1.0.3
21 silly currentTree ├── process-nextick-args@2.0.0
21 silly currentTree ├── pseudomap@1.0.2
21 silly currentTree ├── punycode@1.4.1
21 silly currentTree ├── qs@6.5.2
21 silly currentTree ├─┬ randomatic@3.1.1
21 silly currentTree │ └── is-number@4.0.0
21 silly currentTree ├── range-parser@1.2.0
21 silly currentTree ├── read-pkg-up@1.0.1
21 silly currentTree ├── read-pkg@1.1.0
21 silly currentTree ├── readable-stream@1.1.14
21 silly currentTree ├─┬ readdirp@2.2.1
21 silly currentTree │ ├── graceful-fs@4.1.15
21 silly currentTree │ ├── isarray@1.0.0
21 silly currentTree │ ├── readable-stream@2.3.6
21 silly currentTree │ └── string_decoder@1.1.1
21 silly currentTree ├── rechoir@0.6.2
21 silly currentTree ├── redent@1.0.0
21 silly currentTree ├── regex-cache@0.4.4
21 silly currentTree ├── regex-not@1.0.2
21 silly currentTree ├── remove-trailing-separator@1.1.0
21 silly currentTree ├── repeat-element@1.1.3
21 silly currentTree ├── repeat-string@1.6.1
21 silly currentTree ├── repeating@2.0.1
21 silly currentTree ├── replace-ext@0.0.1
21 silly currentTree ├── request@2.87.0
21 silly currentTree ├── require-directory@2.1.1
21 silly currentTree ├── require-main-filename@1.0.1
21 silly currentTree ├── requires-port@1.0.0
21 silly currentTree ├── resolve-dir@1.0.1
21 silly currentTree ├── resolve-url@0.2.1
21 silly currentTree ├── resolve@1.9.0
21 silly currentTree ├─┬ resp-modifier@6.0.2
21 silly currentTree │ └── minimatch@3.0.4
21 silly currentTree ├── ret@0.1.15
21 silly currentTree ├─┬ rimraf@2.6.2
21 silly currentTree │ ├── glob@7.1.2
21 silly currentTree │ └── minimatch@3.0.4
21 silly currentTree ├── rx@4.1.0
21 silly currentTree ├── safe-buffer@5.1.2
21 silly currentTree ├── safe-regex@1.1.0
21 silly currentTree ├── safer-buffer@2.1.2
21 silly currentTree ├─┬ sass-graph@2.2.4
21 silly currentTree │ ├── glob@7.1.2
21 silly currentTree │ ├── lodash@4.17.10
21 silly currentTree │ └── minimatch@3.0.4
21 silly currentTree ├── scrollreveal@3.3.6
21 silly currentTree ├─┬ scss-tokenizer@0.2.3
21 silly currentTree │ └── source-map@0.4.4
21 silly currentTree ├── semver@4.3.6
21 silly currentTree ├─┬ send@0.15.2
21 silly currentTree │ ├─┬ debug@2.6.4
21 silly currentTree │ │ └── ms@0.7.3
21 silly currentTree │ ├── fresh@0.5.0
21 silly currentTree │ ├─┬ http-errors@1.6.3
21 silly currentTree │ │ └── statuses@1.5.0
21 silly currentTree │ ├── mime@1.3.4
21 silly currentTree │ ├── ms@1.0.0
21 silly currentTree │ └── setprototypeof@1.1.0
21 silly currentTree ├── sequencify@0.0.7
21 silly currentTree ├─┬ serve-index@1.8.0
21 silly currentTree │ ├── debug@2.2.0
21 silly currentTree │ └── ms@0.7.1
21 silly currentTree ├── serve-static@1.12.2
21 silly currentTree ├── server-destroy@1.0.1
21 silly currentTree ├── set-blocking@2.0.0
21 silly currentTree ├─┬ set-value@2.0.0
21 silly currentTree │ └── extend-shallow@2.0.1
21 silly currentTree ├── setprototypeof@1.0.2
21 silly currentTree ├── sigmund@1.0.1
21 silly currentTree ├── signal-exit@3.0.2
21 silly currentTree ├─┬ snapdragon-node@2.1.1
21 silly currentTree │ ├── define-property@1.0.0
21 silly currentTree │ ├── is-accessor-descriptor@1.0.0
21 silly currentTree │ ├── is-data-descriptor@1.0.0
21 silly currentTree │ └── is-descriptor@1.0.2
21 silly currentTree ├─┬ snapdragon-util@3.0.1
21 silly currentTree │ └── kind-of@3.2.2
21 silly currentTree ├─┬ snapdragon@0.8.2
21 silly currentTree │ ├── define-property@0.2.5
21 silly currentTree │ └── extend-shallow@2.0.1
21 silly currentTree ├── sntp@1.0.9
21 silly currentTree ├─┬ socket.io-adapter@0.5.0
21 silly currentTree │ ├── debug@2.3.3
21 silly currentTree │ └── ms@0.7.2
21 silly currentTree ├─┬ socket.io-client@1.6.0
21 silly currentTree │ ├── debug@2.3.3
21 silly currentTree │ └── ms@0.7.2
21 silly currentTree ├─┬ socket.io-parser@2.3.1
21 silly currentTree │ ├── component-emitter@1.1.2
21 silly currentTree │ ├── debug@2.2.0
21 silly currentTree │ └── ms@0.7.1
21 silly currentTree ├─┬ socket.io@1.6.0
21 silly currentTree │ ├── debug@2.3.3
21 silly currentTree │ ├── ms@0.7.2
21 silly currentTree │ └── object-assign@4.1.0
21 silly currentTree ├── source-map-resolve@0.5.2
21 silly currentTree ├── source-map-url@0.4.0
21 silly currentTree ├── source-map@0.5.7
21 silly currentTree ├── sparkles@1.0.1
21 silly currentTree ├── spdx-correct@3.0.0
21 silly currentTree ├── spdx-exceptions@2.1.0
21 silly currentTree ├── spdx-expression-parse@3.0.0
21 silly currentTree ├── spdx-license-ids@3.0.0
21 silly currentTree ├── split-string@3.1.0
21 silly currentTree ├── sshpk@1.14.2
21 silly currentTree ├─┬ static-extend@0.1.2
21 silly currentTree │ └── define-property@0.2.5
21 silly currentTree ├── statuses@1.3.1
21 silly currentTree ├─┬ stdout-stream@1.4.0
21 silly currentTree │ ├── isarray@1.0.0
21 silly currentTree │ ├── readable-stream@2.3.6
21 silly currentTree │ └── string_decoder@1.1.1
21 silly currentTree ├── stream-consume@0.1.1
21 silly currentTree ├── stream-throttle@0.1.3
21 silly currentTree ├── string_decoder@0.10.31
21 silly currentTree ├── string-width@1.0.2
21 silly currentTree ├── stringstream@0.0.6
21 silly currentTree ├── strip-ansi@3.0.1
21 silly currentTree ├── strip-bom@1.0.0
21 silly currentTree ├── strip-indent@1.0.1
21 silly currentTree ├── supports-color@2.0.0
21 silly currentTree ├── tar@2.2.1
21 silly currentTree ├── tfunk@3.1.0
21 silly currentTree ├─┬ through2@2.0.3
21 silly currentTree │ ├── isarray@1.0.0
21 silly currentTree │ ├── readable-stream@2.3.6
21 silly currentTree │ └── string_decoder@1.1.1
21 silly currentTree ├── tildify@1.2.0
21 silly currentTree ├── time-stamp@1.1.0
21 silly currentTree ├── to-array@0.1.4
21 silly currentTree ├─┬ to-object-path@0.3.0
21 silly currentTree │ └── kind-of@3.2.2
21 silly currentTree ├── to-regex-range@2.1.1
21 silly currentTree ├── to-regex@3.0.2
21 silly currentTree ├── tough-cookie@2.3.4
21 silly currentTree ├── trim-newlines@1.0.0
21 silly currentTree ├─┬ true-case-path@1.0.2
21 silly currentTree │ └── glob@6.0.4
21 silly currentTree ├── tunnel-agent@0.6.0
21 silly currentTree ├── tweetnacl@0.14.5
21 silly currentTree ├── ua-parser-js@0.7.12
21 silly currentTree ├─┬ uglify-js@2.3.6
21 silly currentTree │ └── source-map@0.1.43
21 silly currentTree ├── ultron@1.0.2
21 silly currentTree ├── unc-path-regex@0.1.2
21 silly currentTree ├── underscore@1.5.2
21 silly currentTree ├─┬ union-value@1.0.0
21 silly currentTree │ ├── extend-shallow@2.0.1
21 silly currentTree │ └── set-value@0.4.3
21 silly currentTree ├── unique-stream@1.0.0
21 silly currentTree ├── universalify@0.1.2
21 silly currentTree ├── unpipe@1.0.0
21 silly currentTree ├─┬ unset-value@1.0.0
21 silly currentTree │ ├─┬ has-value@0.3.1
21 silly currentTree │ │ └── isobject@2.1.0
21 silly currentTree │ ├── has-values@0.1.4
21 silly currentTree │ └── isarray@1.0.0
21 silly currentTree ├── urix@0.1.0
21 silly currentTree ├── use@3.1.1
21 silly currentTree ├── user-home@1.1.1
21 silly currentTree ├── util-deprecate@1.0.2
21 silly currentTree ├── utils-merge@1.0.0
21 silly currentTree ├── uuid@3.3.2
21 silly currentTree ├── v8flags@2.1.1
21 silly currentTree ├── validate-npm-package-license@3.0.4
21 silly currentTree ├── verror@1.10.0
21 silly currentTree ├─┬ vinyl-fs@0.3.14
21 silly currentTree │ ├── clone@0.2.0
21 silly currentTree │ ├── readable-stream@1.0.34
21 silly currentTree │ ├── through2@0.6.5
21 silly currentTree │ └── vinyl@0.4.6
21 silly currentTree ├── vinyl-sourcemaps-apply@0.2.1
21 silly currentTree ├── vinyl@0.5.3
21 silly currentTree ├─┬ weinre@2.0.0-pre-I0Z7U9OV
21 silly currentTree │ └── underscore@1.7.0
21 silly currentTree ├── which-module@1.0.0
21 silly currentTree ├── which@1.3.1
21 silly currentTree ├── wide-align@1.1.3
21 silly currentTree ├── window-size@0.1.4
21 silly currentTree ├── wordwrap@0.0.3
21 silly currentTree ├── wrap-ansi@2.1.0
21 silly currentTree ├── wrappy@1.0.2
21 silly currentTree ├── ws@1.1.1
21 silly currentTree ├── wtf-8@1.0.0
21 silly currentTree ├── xmlhttprequest-ssl@1.5.3
21 silly currentTree ├── xtend@4.0.1
21 silly currentTree ├── y18n@3.2.1
21 silly currentTree ├── yallist@2.1.2
21 silly currentTree ├─┬ yargs-parser@5.0.0
21 silly currentTree │ └── camelcase@3.0.0
21 silly currentTree ├─┬ yargs@7.1.0
21 silly currentTree │ └── camelcase@3.0.0
21 silly currentTree └── yeast@0.1.2
22 silly idealTree Tokn@4.0.0-beta.2
22 silly idealTree ├── abbrev@1.1.1
22 silly idealTree ├── accepts@1.3.5
22 silly idealTree ├── after@0.8.1
22 silly idealTree ├── ajv@5.5.2
22 silly idealTree ├── amdefine@1.0.1
22 silly idealTree ├── ansi-gray@0.1.1
22 silly idealTree ├── ansi-regex@2.1.1
22 silly idealTree ├── ansi-styles@2.2.1
22 silly idealTree ├── ansi-wrap@0.1.0
22 silly idealTree ├─┬ anymatch@1.3.2
22 silly idealTree │ ├── arr-diff@2.0.0
22 silly idealTree │ ├── array-unique@0.2.1
22 silly idealTree │ ├── braces@1.8.5
22 silly idealTree │ ├── expand-brackets@0.1.5
22 silly idealTree │ ├── extglob@0.3.2
22 silly idealTree │ ├── is-extglob@1.0.0
22 silly idealTree │ ├── is-glob@2.0.1
22 silly idealTree │ ├── kind-of@3.2.2
22 silly idealTree │ └── micromatch@2.3.11
22 silly idealTree ├── aproba@1.2.0
22 silly idealTree ├── archy@1.0.0
22 silly idealTree ├─┬ are-we-there-yet@1.1.5
22 silly idealTree │ ├── isarray@1.0.0
22 silly idealTree │ ├── readable-stream@2.3.6
22 silly idealTree │ └── string_decoder@1.1.1
22 silly idealTree ├── arr-diff@4.0.0
22 silly idealTree ├── arr-flatten@1.1.0
22 silly idealTree ├── arr-union@3.1.0
22 silly idealTree ├── array-differ@1.0.0
22 silly idealTree ├── array-each@1.0.1
22 silly idealTree ├── array-find-index@1.0.2
22 silly idealTree ├── array-slice@1.1.0
22 silly idealTree ├── array-uniq@1.0.3
22 silly idealTree ├── array-unique@0.3.2
22 silly idealTree ├── arraybuffer.slice@0.0.6
22 silly idealTree ├── asn1@0.2.4
22 silly idealTree ├── assert-plus@1.0.0
22 silly idealTree ├── assign-symbols@1.0.0
22 silly idealTree ├── async-each-series@0.1.1
22 silly idealTree ├── async-each@1.0.1
22 silly idealTree ├── async-foreach@0.1.3
22 silly idealTree ├── async@0.2.10
22 silly idealTree ├── asynckit@0.4.0
22 silly idealTree ├── atob@2.1.2
22 silly idealTree ├── aws-sign2@0.7.0
22 silly idealTree ├── aws4@1.8.0
22 silly idealTree ├── backo2@1.0.2
22 silly idealTree ├── balanced-match@1.0.0
22 silly idealTree ├─┬ base@0.11.2
22 silly idealTree │ ├── define-property@1.0.0
22 silly idealTree │ ├── is-accessor-descriptor@1.0.0
22 silly idealTree │ ├── is-data-descriptor@1.0.0
22 silly idealTree │ └── is-descriptor@1.0.2
22 silly idealTree ├── base64-arraybuffer@0.1.5
22 silly idealTree ├── base64id@0.1.0
22 silly idealTree ├── batch@0.5.3
22 silly idealTree ├── bcrypt-pbkdf@1.0.2
22 silly idealTree ├── beeper@1.1.1
22 silly idealTree ├── better-assert@1.0.2
22 silly idealTree ├── binary-extensions@1.12.0
22 silly idealTree ├── blob@0.0.4
22 silly idealTree ├── block-stream@0.0.9
22 silly idealTree ├── boom@2.10.1
22 silly idealTree ├── bootstrap@4.2.1
22 silly idealTree ├── brace-expansion@1.1.11
22 silly idealTree ├─┬ braces@2.3.2
22 silly idealTree │ └── extend-shallow@2.0.1
22 silly idealTree ├── browser-sync-client@2.5.1
22 silly idealTree ├── browser-sync-ui@0.6.3
22 silly idealTree ├─┬ browser-sync@2.18.13
22 silly idealTree │ ├── arr-diff@2.0.0
22 silly idealTree │ ├── array-unique@0.2.1
22 silly idealTree │ ├── braces@1.8.5
22 silly idealTree │ ├── camelcase@3.0.0
22 silly idealTree │ ├── expand-brackets@0.1.5
22 silly idealTree │ ├── extglob@0.3.2
22 silly idealTree │ ├── is-extglob@1.0.0
22 silly idealTree │ ├── is-glob@2.0.1
22 silly idealTree │ ├── kind-of@3.2.2
22 silly idealTree │ ├── micromatch@2.3.11
22 silly idealTree │ ├── qs@6.2.1
22 silly idealTree │ ├── window-size@0.2.0
22 silly idealTree │ ├── yargs-parser@4.2.1
22 silly idealTree │ └── yargs@6.4.0
22 silly idealTree ├── bs-recipes@1.3.4
22 silly idealTree ├── builtin-modules@1.1.1
22 silly idealTree ├── cache-base@1.0.1
22 silly idealTree ├── callsite@1.0.0
22 silly idealTree ├── camelcase-keys@2.1.0
22 silly idealTree ├── camelcase@2.1.1
22 silly idealTree ├── caseless@0.12.0
22 silly idealTree ├── chalk@1.1.3
22 silly idealTree ├─┬ chokidar@1.7.0
22 silly idealTree │ ├── is-extglob@1.0.0
22 silly idealTree │ └── is-glob@2.0.1
22 silly idealTree ├─┬ class-utils@0.3.6
22 silly idealTree │ └── define-property@0.2.5
22 silly idealTree ├── clean-css@4.1.9
22 silly idealTree ├── cliui@3.2.0
22 silly idealTree ├── clone-stats@0.0.1
22 silly idealTree ├── clone@1.0.4
22 silly idealTree ├── co@4.6.0
22 silly idealTree ├── code-point-at@1.1.0
22 silly idealTree ├── collection-visit@1.0.0
22 silly idealTree ├── color-support@1.1.3
22 silly idealTree ├── combined-stream@1.0.6
22 silly idealTree ├── commander@2.19.0
22 silly idealTree ├── component-bind@1.0.0
22 silly idealTree ├── component-emitter@1.2.1
22 silly idealTree ├── component-inherit@0.0.3
22 silly idealTree ├── concat-map@0.0.1
22 silly idealTree ├─┬ concat-with-sourcemaps@1.1.0
22 silly idealTree │ └── source-map@0.6.1
22 silly idealTree ├── connect-history-api-fallback@1.5.0
22 silly idealTree ├─┬ connect@3.5.0
22 silly idealTree │ ├── debug@2.2.0
22 silly idealTree │ └── ms@0.7.1
22 silly idealTree ├── console-control-strings@1.1.0
22 silly idealTree ├── cookie@0.3.1
22 silly idealTree ├── copy-descriptor@0.1.1
22 silly idealTree ├── core-util-is@1.0.2
22 silly idealTree ├─┬ cross-spawn@3.0.1
22 silly idealTree │ └── lru-cache@4.1.3
22 silly idealTree ├── cryptiles@2.0.5
22 silly idealTree ├── currently-unhandled@0.4.1
22 silly idealTree ├── dashdash@1.14.1
22 silly idealTree ├── dateformat@2.2.0
22 silly idealTree ├── debug@2.6.9
22 silly idealTree ├── decamelize@1.2.0
22 silly idealTree ├── decode-uri-component@0.2.0
22 silly idealTree ├── defaults@1.0.3
22 silly idealTree ├─┬ define-property@2.0.2
22 silly idealTree │ ├── is-accessor-descriptor@1.0.0
22 silly idealTree │ ├── is-data-descriptor@1.0.0
22 silly idealTree │ └── is-descriptor@1.0.2
22 silly idealTree ├── delayed-stream@1.0.0
22 silly idealTree ├── delegates@1.0.0
22 silly idealTree ├── depd@1.1.2
22 silly idealTree ├── deprecated@0.0.1
22 silly idealTree ├── destroy@1.0.4
22 silly idealTree ├── detect-file@1.0.0
22 silly idealTree ├── dev-ip@1.0.1
22 silly idealTree ├── duplexer2@0.0.2
22 silly idealTree ├─┬ easy-extender@2.3.2
22 silly idealTree │ └── lodash@3.10.1
22 silly idealTree ├── eazy-logger@3.0.2
22 silly idealTree ├── ecc-jsbn@0.1.2
22 silly idealTree ├── ee-first@1.1.1
22 silly idealTree ├── emitter-steward@1.0.0
22 silly idealTree ├── encodeurl@1.0.2
22 silly idealTree ├── end-of-stream@0.1.5
22 silly idealTree ├─┬ engine.io-client@1.8.0
22 silly idealTree │ ├── debug@2.3.3
22 silly idealTree │ └── ms@0.7.2
22 silly idealTree ├─┬ engine.io-parser@1.3.1
22 silly idealTree │ └── has-binary@0.1.6
22 silly idealTree ├─┬ engine.io@1.8.0
22 silly idealTree │ ├── accepts@1.3.3
22 silly idealTree │ ├── debug@2.3.3
22 silly idealTree │ └── ms@0.7.2
22 silly idealTree ├── error-ex@1.3.2
22 silly idealTree ├── escape-html@1.0.3
22 silly idealTree ├── escape-string-regexp@1.0.5
22 silly idealTree ├── etag@1.8.1
22 silly idealTree ├── eventemitter3@1.2.0
22 silly idealTree ├─┬ expand-brackets@2.1.4
22 silly idealTree │ ├── define-property@0.2.5
22 silly idealTree │ └── extend-shallow@2.0.1
22 silly idealTree ├─┬ expand-range@1.8.2
22 silly idealTree │ ├── fill-range@2.2.4
22 silly idealTree │ ├── is-number@2.1.0
22 silly idealTree │ ├── isarray@1.0.0
22 silly idealTree │ ├── isobject@2.1.0
22 silly idealTree │ └── kind-of@3.2.2
22 silly idealTree ├── expand-tilde@2.0.2
22 silly idealTree ├─┬ express@2.5.11
22 silly idealTree │ ├── connect@1.9.2
22 silly idealTree │ ├── mkdirp@0.3.0
22 silly idealTree │ └── qs@0.4.2
22 silly idealTree ├─┬ extend-shallow@3.0.2
22 silly idealTree │ └── is-extendable@1.0.1
22 silly idealTree ├── extend@3.0.2
22 silly idealTree ├─┬ extglob@2.0.4
22 silly idealTree │ ├── define-property@1.0.0
22 silly idealTree │ ├── extend-shallow@2.0.1
22 silly idealTree │ ├── is-accessor-descriptor@1.0.0
22 silly idealTree │ ├── is-data-descriptor@1.0.0
22 silly idealTree │ └── is-descriptor@1.0.2
22 silly idealTree ├── extsprintf@1.3.0
22 silly idealTree ├── fancy-log@1.3.2
22 silly idealTree ├── fast-deep-equal@1.1.0
22 silly idealTree ├── fast-json-stable-stringify@2.0.0
22 silly idealTree ├── filename-regex@2.0.1
22 silly idealTree ├─┬ fill-range@4.0.0
22 silly idealTree │ └── extend-shallow@2.0.1
22 silly idealTree ├─┬ finalhandler@0.5.0
22 silly idealTree │ ├── debug@2.2.0
22 silly idealTree │ └── ms@0.7.1
22 silly idealTree ├── find-index@0.1.1
22 silly idealTree ├── find-up@1.1.2
22 silly idealTree ├── findup-sync@2.0.0
22 silly idealTree ├── fined@1.1.1
22 silly idealTree ├── first-chunk-stream@1.0.0
22 silly idealTree ├── flagged-respawn@1.0.1
22 silly idealTree ├── font-awesome@4.7.0
22 silly idealTree ├── for-in@1.0.2
22 silly idealTree ├── for-own@1.0.0
22 silly idealTree ├── forever-agent@0.6.1
22 silly idealTree ├── form-data@2.3.2
22 silly idealTree ├── formidable@1.0.17
22 silly idealTree ├── fragment-cache@0.2.1
22 silly idealTree ├── fresh@0.3.0
22 silly idealTree ├─┬ fs-extra@3.0.1
22 silly idealTree │ └── graceful-fs@4.1.15
22 silly idealTree ├── fs.realpath@1.0.0
22 silly idealTree ├─┬ fsevents@1.2.4
22 silly idealTree │ ├── abbrev@1.1.1
22 silly idealTree │ ├── ansi-regex@2.1.1
22 silly idealTree │ ├── aproba@1.2.0
22 silly idealTree │ ├── are-we-there-yet@1.1.4
22 silly idealTree │ ├── balanced-match@1.0.0
22 silly idealTree │ ├── brace-expansion@1.1.11
22 silly idealTree │ ├── chownr@1.0.1
22 silly idealTree │ ├── code-point-at@1.1.0
22 silly idealTree │ ├── concat-map@0.0.1
22 silly idealTree │ ├── console-control-strings@1.1.0
22 silly idealTree │ ├── core-util-is@1.0.2
22 silly idealTree │ ├── debug@2.6.9
22 silly idealTree │ ├── deep-extend@0.5.1
22 silly idealTree │ ├── delegates@1.0.0
22 silly idealTree │ ├── detect-libc@1.0.3
22 silly idealTree │ ├── fs-minipass@1.2.5
22 silly idealTree │ ├── fs.realpath@1.0.0
22 silly idealTree │ ├── gauge@2.7.4
22 silly idealTree │ ├── glob@7.1.2
22 silly idealTree │ ├── has-unicode@2.0.1
22 silly idealTree │ ├── iconv-lite@0.4.21
22 silly idealTree │ ├── ignore-walk@3.0.1
22 silly idealTree │ ├── inflight@1.0.6
22 silly idealTree │ ├── inherits@2.0.3
22 silly idealTree │ ├── ini@1.3.5
22 silly idealTree │ ├── is-fullwidth-code-point@1.0.0
22 silly idealTree │ ├── isarray@1.0.0
22 silly idealTree │ ├── minimatch@3.0.4
22 silly idealTree │ ├── minimist@0.0.8
22 silly idealTree │ ├── minipass@2.2.4
22 silly idealTree │ ├── minizlib@1.1.0
22 silly idealTree │ ├── mkdirp@0.5.1
22 silly idealTree │ ├── ms@2.0.0
22 silly idealTree │ ├── needle@2.2.0
22 silly idealTree │ ├── node-pre-gyp@0.10.0
22 silly idealTree │ ├── nopt@4.0.1
22 silly idealTree │ ├── npm-bundled@1.0.3
22 silly idealTree │ ├── npm-packlist@1.1.10
22 silly idealTree │ ├── npmlog@4.1.2
22 silly idealTree │ ├── number-is-nan@1.0.1
22 silly idealTree │ ├── object-assign@4.1.1
22 silly idealTree │ ├── once@1.4.0
22 silly idealTree │ ├── os-homedir@1.0.2
22 silly idealTree │ ├── os-tmpdir@1.0.2
22 silly idealTree │ ├── osenv@0.1.5
22 silly idealTree │ ├── path-is-absolute@1.0.1
22 silly idealTree │ ├── process-nextick-args@2.0.0
22 silly idealTree │ ├─┬ rc@1.2.7
22 silly idealTree │ │ └── minimist@1.2.0
22 silly idealTree │ ├── readable-stream@2.3.6
22 silly idealTree │ ├── rimraf@2.6.2
22 silly idealTree │ ├── safe-buffer@5.1.1
22 silly idealTree │ ├── safer-buffer@2.1.2
22 silly idealTree │ ├── sax@1.2.4
22 silly idealTree │ ├── semver@5.5.0
22 silly idealTree │ ├── set-blocking@2.0.0
22 silly idealTree │ ├── signal-exit@3.0.2
22 silly idealTree │ ├── string_decoder@1.1.1
22 silly idealTree │ ├── string-width@1.0.2
22 silly idealTree │ ├── strip-ansi@3.0.1
22 silly idealTree │ ├── strip-json-comments@2.0.1
22 silly idealTree │ ├── tar@4.4.1
22 silly idealTree │ ├── util-deprecate@1.0.2
22 silly idealTree │ ├── wide-align@1.1.2
22 silly idealTree │ ├── wrappy@1.0.2
22 silly idealTree │ └── yallist@3.0.2
22 silly idealTree ├─┬ fstream@1.0.11
22 silly idealTree │ └── graceful-fs@4.1.11
22 silly idealTree ├─┬ gauge@2.7.4
22 silly idealTree │ └── object-assign@4.1.1
22 silly idealTree ├── gaze@0.5.2
22 silly idealTree ├── get-caller-file@1.0.3
22 silly idealTree ├── get-stdin@4.0.1
22 silly idealTree ├── get-value@2.0.6
22 silly idealTree ├── getpass@0.1.7
22 silly idealTree ├─┬ glob-base@0.3.0
22 silly idealTree │ ├── is-extglob@1.0.0
22 silly idealTree │ └── is-glob@2.0.1
22 silly idealTree ├─┬ glob-parent@2.0.0
22 silly idealTree │ ├── is-extglob@1.0.0
22 silly idealTree │ └── is-glob@2.0.1
22 silly idealTree ├─┬ glob-stream@3.1.18
22 silly idealTree │ ├── readable-stream@1.0.34
22 silly idealTree │ └── through2@0.6.5
22 silly idealTree ├── glob-watcher@0.0.6
22 silly idealTree ├── glob@4.5.3
22 silly idealTree ├── glob2base@0.0.12
22 silly idealTree ├── global-modules@1.0.0
22 silly idealTree ├── global-prefix@1.0.2
22 silly idealTree ├─┬ globule@0.1.0
22 silly idealTree │ ├── glob@3.1.21
22 silly idealTree │ ├── graceful-fs@1.2.3
22 silly idealTree │ ├── inherits@1.0.2
22 silly idealTree │ └── minimatch@0.2.14
22 silly idealTree ├── glogg@1.0.1
22 silly idealTree ├── graceful-fs@3.0.11
22 silly idealTree ├─┬ gulp-build@0.5.3
22 silly idealTree │ ├── readable-stream@1.0.34
22 silly idealTree │ ├── through2@0.4.2
22 silly idealTree │ └── xtend@2.1.2
22 silly idealTree ├── gulp-clean-css@3.9.0
22 silly idealTree ├── gulp-header@1.8.9
22 silly idealTree ├── gulp-rename@1.4.0
22 silly idealTree ├── gulp-sass@3.2.1
22 silly idealTree ├─┬ gulp-uglify@3.0.0
22 silly idealTree │ ├── commander@2.17.1
22 silly idealTree │ ├── lodash@4.17.11
22 silly idealTree │ ├── source-map@0.6.1
22 silly idealTree │ └── uglify-js@3.4.9
22 silly idealTree ├── gulp-util@3.0.8
22 silly idealTree ├── gulp@3.9.1
22 silly idealTree ├── gulplog@1.0.0
22 silly idealTree ├── handlebars@2.0.0-alpha.2
22 silly idealTree ├── har-schema@2.0.0
22 silly idealTree ├── har-validator@5.0.3
22 silly idealTree ├── has-ansi@2.0.0
22 silly idealTree ├── has-binary@0.1.7
22 silly idealTree ├── has-cors@1.1.0
22 silly idealTree ├── has-gulplog@0.1.0
22 silly idealTree ├── has-unicode@2.0.1
22 silly idealTree ├── has-value@1.0.0
22 silly idealTree ├─┬ has-values@1.0.0
22 silly idealTree │ └── kind-of@4.0.0
22 silly idealTree ├── hawk@3.1.3
22 silly idealTree ├── hoek@2.16.3
22 silly idealTree ├── homedir-polyfill@1.0.1
22 silly idealTree ├── hosted-git-info@2.7.1
22 silly idealTree ├── http-errors@1.5.1
22 silly idealTree ├── http-proxy@1.15.2
22 silly idealTree ├── http-signature@1.2.0
22 silly idealTree ├── immutable@3.8.1
22 silly idealTree ├── in-publish@2.0.0
22 silly idealTree ├── indent-string@2.1.0
22 silly idealTree ├── indexof@0.0.1
22 silly idealTree ├── inflight@1.0.6
22 silly idealTree ├── inherits@2.0.3
22 silly idealTree ├── ini@1.3.5
22 silly idealTree ├── interpret@1.2.0
22 silly idealTree ├── invert-kv@1.0.0
22 silly idealTree ├── is-absolute@1.0.0
22 silly idealTree ├─┬ is-accessor-descriptor@0.1.6
22 silly idealTree │ └── kind-of@3.2.2
22 silly idealTree ├── is-arrayish@0.2.1
22 silly idealTree ├── is-binary-path@1.0.1
22 silly idealTree ├── is-buffer@1.1.6
22 silly idealTree ├── is-builtin-module@1.0.0
22 silly idealTree ├─┬ is-data-descriptor@0.1.4
22 silly idealTree │ └── kind-of@3.2.2
22 silly idealTree ├─┬ is-descriptor@0.1.6
22 silly idealTree │ └── kind-of@5.1.0
22 silly idealTree ├── is-dotfile@1.0.3
22 silly idealTree ├── is-equal-shallow@0.1.3
22 silly idealTree ├── is-extendable@0.1.1
22 silly idealTree ├── is-extglob@2.1.1
22 silly idealTree ├── is-finite@1.0.2
22 silly idealTree ├── is-fullwidth-code-point@1.0.0
22 silly idealTree ├── is-glob@3.1.0
22 silly idealTree ├── is-number-like@1.0.8
22 silly idealTree ├─┬ is-number@3.0.0
22 silly idealTree │ └── kind-of@3.2.2
22 silly idealTree ├── is-plain-object@2.0.4
22 silly idealTree ├── is-posix-bracket@0.1.1
22 silly idealTree ├── is-primitive@2.0.0
22 silly idealTree ├── is-relative@1.0.0
22 silly idealTree ├── is-typedarray@1.0.0
22 silly idealTree ├── is-unc-path@1.0.0
22 silly idealTree ├── is-utf8@0.2.1
22 silly idealTree ├── is-windows@1.0.2
22 silly idealTree ├── isarray@0.0.1
22 silly idealTree ├── isexe@2.0.0
22 silly idealTree ├── isobject@3.0.1
22 silly idealTree ├── isstream@0.1.2
22 silly idealTree ├── jquery.easing@1.4.1
22 silly idealTree ├── jquery@3.3.1
22 silly idealTree ├── js-base64@2.4.8
22 silly idealTree ├── jsbn@0.1.1
22 silly idealTree ├── json-schema-traverse@0.3.1
22 silly idealTree ├── json-schema@0.2.3
22 silly idealTree ├── json-stable-stringify@1.0.1
22 silly idealTree ├── json-stringify-safe@5.0.1
22 silly idealTree ├── json3@3.3.2
22 silly idealTree ├─┬ jsonfile@3.0.1
22 silly idealTree │ └── graceful-fs@4.1.15
22 silly idealTree ├── jsonify@0.0.0
22 silly idealTree ├── jsprim@1.4.1
22 silly idealTree ├── kind-of@6.0.2
22 silly idealTree ├── lcid@1.0.0
22 silly idealTree ├── liftoff@2.5.0
22 silly idealTree ├── limiter@1.1.3
22 silly idealTree ├─┬ load-json-file@1.1.0
22 silly idealTree │ ├── graceful-fs@4.1.11
22 silly idealTree │ └── strip-bom@2.0.0
22 silly idealTree ├─┬ localtunnel@1.8.3
22 silly idealTree │ ├── ajv@4.11.8
22 silly idealTree │ ├── assert-plus@0.2.0
22 silly idealTree │ ├── aws-sign2@0.6.0
22 silly idealTree │ ├── camelcase@1.2.1
22 silly idealTree │ ├── debug@2.6.8
22 silly idealTree │ ├── form-data@2.1.4
22 silly idealTree │ ├── har-schema@1.0.5
22 silly idealTree │ ├── har-validator@4.2.1
22 silly idealTree │ ├── http-signature@1.1.1
22 silly idealTree │ ├── performance-now@0.2.0
22 silly idealTree │ ├── qs@6.4.0
22 silly idealTree │ ├── request@2.81.0
22 silly idealTree │ └── yargs@3.29.0
22 silly idealTree ├── lodash._basecopy@3.0.1
22 silly idealTree ├── lodash._basetostring@3.0.1
22 silly idealTree ├── lodash._basevalues@3.0.0
22 silly idealTree ├── lodash._getnative@3.9.1
22 silly idealTree ├── lodash._isiterateecall@3.0.9
22 silly idealTree ├── lodash._reescape@3.0.0
22 silly idealTree ├── lodash._reevaluate@3.0.0
22 silly idealTree ├── lodash._reinterpolate@3.0.0
22 silly idealTree ├── lodash._root@3.0.1
22 silly idealTree ├── lodash.assign@4.2.0
22 silly idealTree ├── lodash.clonedeep@4.5.0
22 silly idealTree ├── lodash.escape@3.2.0
22 silly idealTree ├── lodash.isarguments@3.1.0
22 silly idealTree ├── lodash.isarray@3.0.4
22 silly idealTree ├── lodash.isfinite@3.3.2
22 silly idealTree ├── lodash.keys@3.1.2
22 silly idealTree ├── lodash.mergewith@4.6.1
22 silly idealTree ├── lodash.restparam@3.6.1
22 silly idealTree ├── lodash.template@3.6.2
22 silly idealTree ├── lodash.templatesettings@3.1.1
22 silly idealTree ├── lodash@1.0.2
22 silly idealTree ├── loud-rejection@1.6.0
22 silly idealTree ├── lru-cache@2.7.3
22 silly idealTree ├── magnific-popup@1.1.0
22 silly idealTree ├── make-error-cause@1.2.2
22 silly idealTree ├── make-error@1.3.5
22 silly idealTree ├── make-iterator@1.0.1
22 silly idealTree ├── map-cache@0.2.2
22 silly idealTree ├── map-obj@1.0.1
22 silly idealTree ├── map-visit@1.0.0
22 silly idealTree ├── math-random@1.0.1
22 silly idealTree ├─┬ meow@3.7.0
22 silly idealTree │ └── object-assign@4.1.1
22 silly idealTree ├── micromatch@3.1.10
22 silly idealTree ├── mime-db@1.35.0
22 silly idealTree ├── mime-types@2.1.19
22 silly idealTree ├── mime@1.2.4
22 silly idealTree ├── minimatch@2.0.10
22 silly idealTree ├── minimist@1.2.0
22 silly idealTree ├─┬ mixin-deep@1.3.1
22 silly idealTree │ └── is-extendable@1.0.1
22 silly idealTree ├─┬ mkdirp@0.5.1
22 silly idealTree │ └── minimist@0.0.8
22 silly idealTree ├── ms@2.0.0
22 silly idealTree ├── multipipe@0.1.2
22 silly idealTree ├── nan@2.10.0
22 silly idealTree ├── nanomatch@1.2.13
22 silly idealTree ├── natives@1.1.6
22 silly idealTree ├── negotiator@0.6.1
22 silly idealTree ├─┬ node-gyp@3.8.0
22 silly idealTree │ ├── glob@7.1.2
22 silly idealTree │ ├── graceful-fs@4.1.11
22 silly idealTree │ ├── minimatch@3.0.4
22 silly idealTree │ └── semver@5.3.0
22 silly idealTree ├─┬ node-sass@4.9.3
22 silly idealTree │ ├── gaze@1.1.3
22 silly idealTree │ ├── glob@7.1.2
22 silly idealTree │ ├── globule@1.2.1
22 silly idealTree │ ├── lodash@4.17.10
22 silly idealTree │ └── minimatch@3.0.4
22 silly idealTree ├── nopt@3.0.6
22 silly idealTree ├── normalize-package-data@2.4.0
22 silly idealTree ├── normalize-path@2.1.1
22 silly idealTree ├── npmlog@4.1.2
22 silly idealTree ├── number-is-nan@1.0.1
22 silly idealTree ├── oauth-sign@0.8.2
22 silly idealTree ├── object-assign@3.0.0
22 silly idealTree ├── object-component@0.0.3
22 silly idealTree ├─┬ object-copy@0.1.0
22 silly idealTree │ ├── define-property@0.2.5
22 silly idealTree │ └── kind-of@3.2.2
22 silly idealTree ├── object-keys@0.4.0
22 silly idealTree ├── object-path@0.9.2
22 silly idealTree ├── object-visit@1.0.1
22 silly idealTree ├── object.defaults@1.1.0
22 silly idealTree ├── object.map@1.0.1
22 silly idealTree ├─┬ object.omit@2.0.1
22 silly idealTree │ └── for-own@0.1.5
22 silly idealTree ├── object.pick@1.3.0
22 silly idealTree ├── on-finished@2.3.0
22 silly idealTree ├── once@1.3.3
22 silly idealTree ├── openurl@1.1.1
22 silly idealTree ├─┬ opn@4.0.2
22 silly idealTree │ └── object-assign@4.1.1
22 silly idealTree ├── optimist@0.3.7
22 silly idealTree ├── options@0.0.6
22 silly idealTree ├── orchestrator@0.3.8
22 silly idealTree ├── ordered-read-streams@0.1.0
22 silly idealTree ├── os-homedir@1.0.2
22 silly idealTree ├── os-locale@1.4.0
22 silly idealTree ├── os-tmpdir@1.0.2
22 silly idealTree ├── osenv@0.1.5
22 silly idealTree ├── parse-filepath@1.0.2
22 silly idealTree ├─┬ parse-glob@3.0.4
22 silly idealTree │ ├── is-extglob@1.0.0
22 silly idealTree │ └── is-glob@2.0.1
22 silly idealTree ├── parse-json@2.2.0
22 silly idealTree ├── parse-passwd@1.0.0
22 silly idealTree ├── parsejson@0.0.3
22 silly idealTree ├── parseqs@0.0.5
22 silly idealTree ├── parseuri@0.0.5
22 silly idealTree ├── parseurl@1.3.2
22 silly idealTree ├── pascalcase@0.1.1
22 silly idealTree ├── path-exists@2.1.0
22 silly idealTree ├── path-is-absolute@1.0.1
22 silly idealTree ├── path-parse@1.0.6
22 silly idealTree ├── path-root-regex@0.1.2
22 silly idealTree ├── path-root@0.1.1
22 silly idealTree ├─┬ path-type@1.1.0
22 silly idealTree │ └── graceful-fs@4.1.11
22 silly idealTree ├── performance-now@2.1.0
22 silly idealTree ├── pify@2.3.0
22 silly idealTree ├── pinkie-promise@2.0.1
22 silly idealTree ├── pinkie@2.0.4
22 silly idealTree ├─┬ portscanner@2.1.1
22 silly idealTree │ └── async@1.5.2
22 silly idealTree ├── posix-character-classes@0.1.1
22 silly idealTree ├── preserve@0.2.0
22 silly idealTree ├── pretty-hrtime@1.0.3
22 silly idealTree ├── process-nextick-args@2.0.0
22 silly idealTree ├── pseudomap@1.0.2
22 silly idealTree ├── punycode@1.4.1
22 silly idealTree ├── qs@6.5.2
22 silly idealTree ├─┬ randomatic@3.1.1
22 silly idealTree │ └── is-number@4.0.0
22 silly idealTree ├── range-parser@1.2.0
22 silly idealTree ├── read-pkg-up@1.0.1
22 silly idealTree ├── read-pkg@1.1.0
22 silly idealTree ├── readable-stream@1.1.14
22 silly idealTree ├─┬ readdirp@2.2.1
22 silly idealTree │ ├── graceful-fs@4.1.15
22 silly idealTree │ ├── isarray@1.0.0
22 silly idealTree │ ├── readable-stream@2.3.6
22 silly idealTree │ └── string_decoder@1.1.1
22 silly idealTree ├── rechoir@0.6.2
22 silly idealTree ├── redent@1.0.0
22 silly idealTree ├── regex-cache@0.4.4
22 silly idealTree ├── regex-not@1.0.2
22 silly idealTree ├── remove-trailing-separator@1.1.0
22 silly idealTree ├── repeat-element@1.1.3
22 silly idealTree ├── repeat-string@1.6.1
22 silly idealTree ├── repeating@2.0.1
22 silly idealTree ├── replace-ext@0.0.1
22 silly idealTree ├── request@2.87.0
22 silly idealTree ├── require-directory@2.1.1
22 silly idealTree ├── require-main-filename@1.0.1
22 silly idealTree ├── requires-port@1.0.0
22 silly idealTree ├── resolve-dir@1.0.1
22 silly idealTree ├── resolve-url@0.2.1
22 silly idealTree ├── resolve@1.9.0
22 silly idealTree ├─┬ resp-modifier@6.0.2
22 silly idealTree │ └── minimatch@3.0.4
22 silly idealTree ├── ret@0.1.15
22 silly idealTree ├─┬ rimraf@2.6.2
22 silly idealTree │ ├── glob@7.1.2
22 silly idealTree │ └── minimatch@3.0.4
22 silly idealTree ├── rx@4.1.0
22 silly idealTree ├── safe-buffer@5.1.2
22 silly idealTree ├── safe-regex@1.1.0
22 silly idealTree ├── safer-buffer@2.1.2
22 silly idealTree ├─┬ sass-graph@2.2.4
22 silly idealTree │ ├── glob@7.1.2
22 silly idealTree │ ├── lodash@4.17.10
22 silly idealTree │ └── minimatch@3.0.4
22 silly idealTree ├── scrollreveal@3.3.6
22 silly idealTree ├─┬ scss-tokenizer@0.2.3
22 silly idealTree │ └── source-map@0.4.4
22 silly idealTree ├── semver@4.3.6
22 silly idealTree ├─┬ send@0.15.2
22 silly idealTree │ ├─┬ debug@2.6.4
22 silly idealTree │ │ └── ms@0.7.3
22 silly idealTree │ ├── fresh@0.5.0
22 silly idealTree │ ├─┬ http-errors@1.6.3
22 silly idealTree │ │ └── statuses@1.5.0
22 silly idealTree │ ├── mime@1.3.4
22 silly idealTree │ ├── ms@1.0.0
22 silly idealTree │ └── setprototypeof@1.1.0
22 silly idealTree ├── sequencify@0.0.7
22 silly idealTree ├─┬ serve-index@1.8.0
22 silly idealTree │ ├── debug@2.2.0
22 silly idealTree │ └── ms@0.7.1
22 silly idealTree ├── serve-static@1.12.2
22 silly idealTree ├── server-destroy@1.0.1
22 silly idealTree ├── set-blocking@2.0.0
22 silly idealTree ├─┬ set-value@2.0.0
22 silly idealTree │ └── extend-shallow@2.0.1
22 silly idealTree ├── setprototypeof@1.0.2
22 silly idealTree ├── sigmund@1.0.1
22 silly idealTree ├── signal-exit@3.0.2
22 silly idealTree ├─┬ snapdragon-node@2.1.1
22 silly idealTree │ ├── define-property@1.0.0
22 silly idealTree │ ├── is-accessor-descriptor@1.0.0
22 silly idealTree │ ├── is-data-descriptor@1.0.0
22 silly idealTree │ └── is-descriptor@1.0.2
22 silly idealTree ├─┬ snapdragon-util@3.0.1
22 silly idealTree │ └── kind-of@3.2.2
22 silly idealTree ├─┬ snapdragon@0.8.2
22 silly idealTree │ ├── define-property@0.2.5
22 silly idealTree │ └── extend-shallow@2.0.1
22 silly idealTree ├── sntp@1.0.9
22 silly idealTree ├─┬ socket.io-adapter@0.5.0
22 silly idealTree │ ├── debug@2.3.3
22 silly idealTree │ └── ms@0.7.2
22 silly idealTree ├─┬ socket.io-client@1.6.0
22 silly idealTree │ ├── debug@2.3.3
22 silly idealTree │ └── ms@0.7.2
22 silly idealTree ├─┬ socket.io-parser@2.3.1
22 silly idealTree │ ├── component-emitter@1.1.2
22 silly idealTree │ ├── debug@2.2.0
22 silly idealTree │ └── ms@0.7.1
22 silly idealTree ├─┬ socket.io@1.6.0
22 silly idealTree │ ├── debug@2.3.3
22 silly idealTree │ ├── ms@0.7.2
22 silly idealTree │ └── object-assign@4.1.0
22 silly idealTree ├── source-map-resolve@0.5.2
22 silly idealTree ├── source-map-url@0.4.0
22 silly idealTree ├── source-map@0.5.7
22 silly idealTree ├── sparkles@1.0.1
22 silly idealTree ├── spdx-correct@3.0.0
22 silly idealTree ├── spdx-exceptions@2.1.0
22 silly idealTree ├── spdx-expression-parse@3.0.0
22 silly idealTree ├── spdx-license-ids@3.0.0
22 silly idealTree ├── split-string@3.1.0
22 silly idealTree ├── sshpk@1.14.2
22 silly idealTree ├─┬ static-extend@0.1.2
22 silly idealTree │ └── define-property@0.2.5
22 silly idealTree ├── statuses@1.3.1
22 silly idealTree ├─┬ stdout-stream@1.4.0
22 silly idealTree │ ├── isarray@1.0.0
22 silly idealTree │ ├── readable-stream@2.3.6
22 silly idealTree │ └── string_decoder@1.1.1
22 silly idealTree ├── stream-consume@0.1.1
22 silly idealTree ├── stream-throttle@0.1.3
22 silly idealTree ├── string_decoder@0.10.31
22 silly idealTree ├── string-width@1.0.2
22 silly idealTree ├── stringstream@0.0.6
22 silly idealTree ├── strip-ansi@3.0.1
22 silly idealTree ├── strip-bom@1.0.0
22 silly idealTree ├── strip-indent@1.0.1
22 silly idealTree ├── supports-color@2.0.0
22 silly idealTree ├── tar@2.2.1
22 silly idealTree ├── tfunk@3.1.0
22 silly idealTree ├─┬ through2@2.0.3
22 silly idealTree │ ├── isarray@1.0.0
22 silly idealTree │ ├── readable-stream@2.3.6
22 silly idealTree │ └── string_decoder@1.1.1
22 silly idealTree ├── tildify@1.2.0
22 silly idealTree ├── time-stamp@1.1.0
22 silly idealTree ├── to-array@0.1.4
22 silly idealTree ├─┬ to-object-path@0.3.0
22 silly idealTree │ └── kind-of@3.2.2
22 silly idealTree ├── to-regex-range@2.1.1
22 silly idealTree ├── to-regex@3.0.2
22 silly idealTree ├── tough-cookie@2.3.4
22 silly idealTree ├── trim-newlines@1.0.0
22 silly idealTree ├─┬ true-case-path@1.0.2
22 silly idealTree │ └── glob@6.0.4
22 silly idealTree ├── tunnel-agent@0.6.0
22 silly idealTree ├── tweetnacl@0.14.5
22 silly idealTree ├── ua-parser-js@0.7.12
22 silly idealTree ├─┬ uglify-js@2.3.6
22 silly idealTree │ └── source-map@0.1.43
22 silly idealTree ├── ultron@1.0.2
22 silly idealTree ├── unc-path-regex@0.1.2
22 silly idealTree ├── underscore@1.5.2
22 silly idealTree ├─┬ union-value@1.0.0
22 silly idealTree │ ├── extend-shallow@2.0.1
22 silly idealTree │ └── set-value@0.4.3
22 silly idealTree ├── unique-stream@1.0.0
22 silly idealTree ├── universalify@0.1.2
22 silly idealTree ├── unpipe@1.0.0
22 silly idealTree ├─┬ unset-value@1.0.0
22 silly idealTree │ ├─┬ has-value@0.3.1
22 silly idealTree │ │ └── isobject@2.1.0
22 silly idealTree │ ├── has-values@0.1.4
22 silly idealTree │ └── isarray@1.0.0
22 silly idealTree ├── urix@0.1.0
22 silly idealTree ├── use@3.1.1
22 silly idealTree ├── user-home@1.1.1
22 silly idealTree ├── util-deprecate@1.0.2
22 silly idealTree ├── utils-merge@1.0.0
22 silly idealTree ├── uuid@3.3.2
22 silly idealTree ├── v8flags@2.1.1
22 silly idealTree ├── validate-npm-package-license@3.0.4
22 silly idealTree ├── verror@1.10.0
22 silly idealTree ├─┬ vinyl-fs@0.3.14
22 silly idealTree │ ├── clone@0.2.0
22 silly idealTree │ ├── readable-stream@1.0.34
22 silly idealTree │ ├── through2@0.6.5
22 silly idealTree │ └── vinyl@0.4.6
22 silly idealTree ├── vinyl-sourcemaps-apply@0.2.1
22 silly idealTree ├── vinyl@0.5.3
22 silly idealTree ├─┬ weinre@2.0.0-pre-I0Z7U9OV
22 silly idealTree │ └── underscore@1.7.0
22 silly idealTree ├── which-module@1.0.0
22 silly idealTree ├── which@1.3.1
22 silly idealTree ├── wide-align@1.1.3
22 silly idealTree ├── window-size@0.1.4
22 silly idealTree ├── wordwrap@0.0.3
22 silly idealTree ├── wrap-ansi@2.1.0
22 silly idealTree ├── wrappy@1.0.2
22 silly idealTree ├── ws@1.1.1
22 silly idealTree ├── wtf-8@1.0.0
22 silly idealTree ├── xmlhttprequest-ssl@1.5.3
22 silly idealTree ├── xtend@4.0.1
22 silly idealTree ├── y18n@3.2.1
22 silly idealTree ├── yallist@2.1.2
22 silly idealTree ├─┬ yargs-parser@5.0.0
22 silly idealTree │ └── camelcase@3.0.0
22 silly idealTree ├─┬ yargs@7.1.0
22 silly idealTree │ └── camelcase@3.0.0
22 silly idealTree └── yeast@0.1.2
23 silly generateActionsToTake Starting
24 silly install generateActionsToTake
25 silly generateActionsToTake Finishing
26 silly diffTrees action count 0
27 silly decomposeActions action count 0
28 silly runTopLevelLifecycles Starting
29 silly install runPreinstallTopLevelLifecycles
30 silly preinstall Tokn@4.0.0-beta.2 /Users/grf-homechef/Dev/gaby/Tokn/Tokn-4758c1a8
31 info lifecycle Tokn@4.0.0-beta.2~preinstall: Tokn@4.0.0-beta.2
32 silly lifecycle Tokn@4.0.0-beta.2~preinstall: no script for preinstall, continuing
33 silly executeActions Starting
34 silly install executeActions
35 silly doSerial global-install 0
36 silly doParallel fetch 0
37 verbose correctMkdir /Users/grf-homechef/.npm/_locks correctMkdir not in flight; initializing
38 verbose lock using /Users/grf-homechef/.npm/_locks/staging-b42d8cd1200ea2b6.lock for /Users/grf-homechef/Dev/gaby/Tokn/node_modules/.staging
39 silly doParallel extract 0
40 silly doParallel preinstall 0
41 silly doReverseSerial remove 0
42 silly doSerial move 0
43 silly doSerial finalize 0
44 silly doSerial build 0
45 silly doSerial global-link 0
46 silly doParallel update-linked 0
47 silly doSerial install 0
48 silly doSerial postinstall 0
49 verbose unlock done using /Users/grf-homechef/.npm/_locks/staging-b42d8cd1200ea2b6.lock for /Users/grf-homechef/Dev/gaby/Tokn/node_modules/.staging
50 silly executeActions Finishing
51 silly rollbackFailedOptional Starting
52 silly rollbackFailedOptional Finishing
53 silly install runPostinstallTopLevelLifecycles
54 silly build Tokn@4.0.0-beta.2
55 info linkStuff Tokn@4.0.0-beta.2
56 silly linkStuff Tokn@4.0.0-beta.2 has /Users/grf-homechef/Dev/gaby as its parent node_modules
57 verbose linkBins Tokn@4.0.0-beta.2
58 verbose linkMans Tokn@4.0.0-beta.2
59 silly install Tokn@4.0.0-beta.2 /Users/grf-homechef/Dev/gaby/Tokn/Tokn-4758c1a8
60 info lifecycle Tokn@4.0.0-beta.2~install: Tokn@4.0.0-beta.2
61 silly lifecycle Tokn@4.0.0-beta.2~install: no script for install, continuing
62 silly postinstall Tokn@4.0.0-beta.2 /Users/grf-homechef/Dev/gaby/Tokn/Tokn-4758c1a8
63 info lifecycle Tokn@4.0.0-beta.2~postinstall: Tokn@4.0.0-beta.2
64 verbose lifecycle Tokn@4.0.0-beta.2~postinstall: unsafe-perm in lifecycle true
65 verbose lifecycle Tokn@4.0.0-beta.2~postinstall: PATH: /usr/local/lib/node_modules/npm/bin/node-gyp-bin:/Users/grf-homechef/Dev/gaby/Tokn/node_modules/.bin:/anaconda3/bin:/Users/grf-homechef/.rvm/gems/ruby-2.3.2/bin:/Users/grf-homechef/.rvm/gems/ruby-2.3.2@global/bin:/Users/grf-homechef/.rvm/rubies/ruby-2.3.2/bin:/usr/local/bin:/usr/bin:/bin:/usr/sbin:/sbin:/Users/grf-homechef/.rvm/bin
66 verbose lifecycle Tokn@4.0.0-beta.2~postinstall: CWD: /Users/grf-homechef/Dev/gaby/Tokn
67 silly lifecycle Tokn@4.0.0-beta.2~postinstall: Args: [ '-c', 'gulp build' ]
68 silly lifecycle Tokn@4.0.0-beta.2~postinstall: Returned: code: 1  signal: null
69 info lifecycle Tokn@4.0.0-beta.2~postinstall: Failed to exec postinstall script
70 warn bootstrap@4.2.1 requires a peer of popper.js@^1.14.6 but none was installed.
71 verbose If you need help, you may report this error at:
71 verbose     <https://github.com/npm/npm/issues>
72 warn Tokn@4.0.0-beta.2 No repository field.
73 verbose If you need help, you may report this error at:
73 verbose     <https://github.com/npm/npm/issues>
74 verbose stack Error: Tokn@4.0.0-beta.2 postinstall: `gulp build`
74 verbose stack Exit status 1
74 verbose stack     at EventEmitter.<anonymous> (/usr/local/lib/node_modules/npm/lib/utils/lifecycle.js:255:16)
74 verbose stack     at emitTwo (events.js:106:13)
74 verbose stack     at EventEmitter.emit (events.js:191:7)
74 verbose stack     at ChildProcess.<anonymous> (/usr/local/lib/node_modules/npm/lib/utils/spawn.js:40:14)
74 verbose stack     at emitTwo (events.js:106:13)
74 verbose stack     at ChildProcess.emit (events.js:191:7)
74 verbose stack     at maybeClose (internal/child_process.js:886:16)
74 verbose stack     at Process.ChildProcess._handle.onexit (internal/child_process.js:226:5)
75 verbose pkgid Tokn@4.0.0-beta.2
76 verbose cwd /Users/grf-homechef/Dev/gaby/Tokn
77 error Darwin 16.7.0
78 error argv "/usr/local/bin/node" "/usr/local/bin/npm" "install"
79 error node v6.10.3
80 error npm  v3.10.10
81 error code ELIFECYCLE
82 error Tokn@4.0.0-beta.2 postinstall: `gulp build`
82 error Exit status 1
83 error Failed at the Tokn@4.0.0-beta.2 postinstall script 'gulp build'.
83 error Make sure you have the latest version of node.js and npm installed.
83 error If you do, this is most likely a problem with the Tokn package,
83 error not with npm itself.
83 error Tell the author that this fails on your system:
83 error     gulp build
83 error You can get information on how to open an issue for this project with:
83 error     npm bugs Tokn
83 error Or if that isn't available, you can get their info via:
83 error     npm owner ls Tokn
83 error There is likely additional logging output above.
84 verbose exit [ 1, true ]
